Build started 3/15/2016 2:37:48 AM.
     1>Project "C:\Users\Tanmay\Desktop\Semester2\Object Oriented Design\Project2\Tanmay_Fadnavis_Pr2\XMLDocumentModel\Executive\Executive.vcxproj" on node 2 (Build target(s)).
     1>ClCompile:
         C:\Program Files (x86)\Microsoft Visual Studio 12.0\VC\bin\CL.exe /c /ZI /nologo /W3 /WX- /sdl /Od /Oy- /D _MBCS /Gm /EHsc /RTC1 /MDd /GS /fp:precise /Zc:wchar_t /Zc:forScope /Fo"Debug\\" /Fd"Debug\vc120.pdb" /Gd /TP /analyze- /errorReport:prompt ..\Display\Display.cpp ..\XmlDocument\XmlDocument\XmlDocument.cpp ..\XmlDocument\XmlElement\XmlElement.cpp ..\XmlElementParts\XmlElementParts\Tokenizer.cpp ..\XmlElementParts\XmlElementParts\xmlElementParts.cpp Executive.cpp
         Executive.cpp
         xmlElementParts.cpp
         Tokenizer.cpp
         XmlElement.cpp
         XmlDocument.cpp
         Display.cpp
         Generating Code...
       Link:
         C:\Program Files (x86)\Microsoft Visual Studio 12.0\VC\bin\link.exe /ERRORREPORT:PROMPT /OUT:"C:\Users\Tanmay\Desktop\Semester2\Object Oriented Design\Project2\Tanmay_Fadnavis_Pr2\XMLDocumentModel\Debug\Executive.exe" /INCREMENTAL /NOLOGO kernel32.lib user32.lib gdi32.lib winspool.lib comdlg32.lib advapi32.lib shell32.lib ole32.lib oleaut32.lib uuid.lib odbc32.lib odbccp32.lib /MANIFEST /MANIFESTUAC:"level='asInvoker' uiAccess='false'" /manifest:embed /DEBUG /PDB:"C:\Users\Tanmay\Desktop\Semester2\Object Oriented Design\Project2\Tanmay_Fadnavis_Pr2\XMLDocumentModel\Debug\Executive.pdb" /TLBID:1 /DYNAMICBASE /NXCOMPAT /IMPLIB:"C:\Users\Tanmay\Desktop\Semester2\Object Oriented Design\Project2\Tanmay_Fadnavis_Pr2\XMLDocumentModel\Debug\Executive.lib" /MACHINE:X86 Debug\Display.obj
         Debug\XmlDocument.obj
         Debug\XmlElement.obj
         Debug\Tokenizer.obj
         Debug\xmlElementParts.obj
         Debug\Executive.obj
         Executive.vcxproj -> C:\Users\Tanmay\Desktop\Semester2\Object Oriented Design\Project2\Tanmay_Fadnavis_Pr2\XMLDocumentModel\Debug\Executive.exe
     1>Done Building Project "C:\Users\Tanmay\Desktop\Semester2\Object Oriented Design\Project2\Tanmay_Fadnavis_Pr2\XMLDocumentModel\Executive\Executive.vcxproj" (Build target(s)).

Build succeeded.

Time Elapsed 00:00:07.84
